Using pre-set license
Built from '2020.3/staging' branch; Version is '2020.3.26f1 (7298b473bc1a) revision 7510196'; Using compiler version '192528614'; Build Type 'Release'
OS: 'Windows 10  (10.0.19043) 64bit Core' Language: 'pt' Physical Memory: 12193 MB
BatchMode: 1, IsHumanControllingUs: 0, StartBugReporterOnCrash: 0, Is64bit: 1, IsPro: 0

COMMAND LINE ARGUMENTS:
C:\Program Files\Unity\Hub\Editor\2020.3.26f1\Editor\Unity.exe
-adb2
-batchMode
-noUpm
-name
AssetImportWorker0
-projectPath
E:/IPG/Sistemas multimedia/Space_Shooter_Paulo_Proenca_1704890/Space_Shooter
-logFile
Logs/AssetImportWorker0.log
-srvPort
60656
Successfully changed project path to: E:/IPG/Sistemas multimedia/Space_Shooter_Paulo_Proenca_1704890/Space_Shooter
E:/IPG/Sistemas multimedia/Space_Shooter_Paulo_Proenca_1704890/Space_Shooter
Using Asset Import Pipeline V2.
Refreshing native plugins compatible for Editor in 56.35 ms, found 2 plugins.
Preloading 0 native plugins for Editor in 0.00 ms.
Initialize engine version: 2020.3.26f1 (7298b473bc1a)
[Subsystems] Discovering subsystems at path C:/Program Files/Unity/Hub/Editor/2020.3.26f1/Editor/Data/Resources/UnitySubsystems
[Subsystems] Discovering subsystems at path E:/IPG/Sistemas multimedia/Space_Shooter_Paulo_Proenca_1704890/Space_Shooter/Assets
GfxDevice: creating device client; threaded=0
Direct3D:
    Version:  Direct3D 11.0 [level 11.0]
    Renderer: NVIDIA GeForce 920MX (ID=0x134f)
    Vendor:   
    VRAM:     2010 MB
    Driver:   30.0.14.9729
Initialize mono
Mono path[0] = 'C:/Program Files/Unity/Hub/Editor/2020.3.26f1/Editor/Data/Managed'
Mono path[1] = 'C:/Program Files/Unity/Hub/Editor/2020.3.26f1/Editor/Data/MonoBleedingEdge/lib/mono/unityjit'
Mono config path = 'C:/Program Files/Unity/Hub/Editor/2020.3.26f1/Editor/Data/MonoBleedingEdge/etc'
Using monoOptions --debugger-agent=transport=dt_socket,embedding=1,server=y,suspend=n,address=127.0.0.1:56108
Begin MonoManager ReloadAssembly
Registering precompiled unity dll's ...
Register platform support module: C:/Program Files/Unity/Hub/Editor/2020.3.26f1/Editor/Data/PlaybackEngines/WindowsStandaloneSupport/UnityEditor.WindowsStandalone.Extensions.dll
Registered in 0.002821 seconds.
Native extension for WindowsStandalone target not found
Refreshing native plugins compatible for Editor in 49.40 ms, found 2 plugins.
Preloading 0 native plugins for Editor in 0.00 ms.
Mono: successfully reloaded assembly
- Completed reload, in  0.856 seconds
Domain Reload Profiling:
	ReloadAssembly (856ms)
		BeginReloadAssembly (94ms)
			ExecutionOrderSort (0ms)
			DisableScriptedObjects (0ms)
			BackupInstance (0ms)
			ReleaseScriptingObjects (0ms)
			CreateAndSetChildDomain (1ms)
		EndReloadAssembly (653ms)
			LoadAssemblies (91ms)
			RebuildTransferFunctionScriptingTraits (0ms)
			SetupTypeCache (223ms)
			ReleaseScriptCaches (0ms)
			RebuildScriptCaches (47ms)
			SetupLoadedEditorAssemblies (241ms)
				LogAssemblyErrors (0ms)
				InitializePlatformSupportModulesInManaged (7ms)
				SetLoadedEditorAssemblies (0ms)
				RefreshPlugins (50ms)
				BeforeProcessingInitializeOnLoad (23ms)
				ProcessInitializeOnLoadAttributes (121ms)
				ProcessInitializeOnLoadMethodAttributes (40ms)
				AfterProcessingInitializeOnLoad (0ms)
				EditorAssembliesLoaded (0ms)
			ExecutionOrderSort2 (0ms)
			AwakeInstancesAfterBackupRestoration (0ms)
Platform modules already initialized, skipping
Registering precompiled user dll's ...
Registered in 0.003068 seconds.
Begin MonoManager ReloadAssembly
Native extension for WindowsStandalone target not found
Refreshing native plugins compatible for Editor in 0.41 ms, found 2 plugins.
Preloading 0 native plugins for Editor in 0.00 ms.
Mono: successfully reloaded assembly
- Completed reload, in  1.609 seconds
Domain Reload Profiling:
	ReloadAssembly (1610ms)
		BeginReloadAssembly (217ms)
			ExecutionOrderSort (0ms)
			DisableScriptedObjects (7ms)
			BackupInstance (0ms)
			ReleaseScriptingObjects (0ms)
			CreateAndSetChildDomain (25ms)
		EndReloadAssembly (1305ms)
			LoadAssemblies (139ms)
			RebuildTransferFunctionScriptingTraits (0ms)
			SetupTypeCache (479ms)
			ReleaseScriptCaches (0ms)
			RebuildScriptCaches (61ms)
			SetupLoadedEditorAssemblies (488ms)
				LogAssemblyErrors (0ms)
				InitializePlatformSupportModulesInManaged (6ms)
				SetLoadedEditorAssemblies (1ms)
				RefreshPlugins (1ms)
				BeforeProcessingInitializeOnLoad (168ms)
				ProcessInitializeOnLoadAttributes (289ms)
				ProcessInitializeOnLoadMethodAttributes (14ms)
				AfterProcessingInitializeOnLoad (10ms)
				EditorAssembliesLoaded (0ms)
			ExecutionOrderSort2 (0ms)
			AwakeInstancesAfterBackupRestoration (9ms)
Platform modules already initialized, skipping
========================================================================
Worker process is ready to serve import requests
Launched and connected shader compiler UnityShaderCompiler.exe after 0.08 seconds
Refreshing native plugins compatible for Editor in 0.45 ms, found 2 plugins.
Preloading 0 native plugins for Editor in 0.00 ms.
Unloading 1531 Unused Serialized files (Serialized files now loaded: 0)
System memory in use before: 70.0 MB.
System memory in use after: 70.1 MB.

Unloading 17 unused Assets to reduce memory usage. Loaded Objects now: 1965.
Total: 3.727500 ms (FindLiveObjects: 0.157600 ms CreateObjectMapping: 0.059300 ms MarkObjects: 3.431500 ms  DeleteObjects: 0.077600 ms)

AssetImportParameters requested are different than current active one (requested -> active):
  custom:framework-win-MediaFoundation: 216162199b28c13a410421893ffa2e32 -> 
  custom:video-decoder-ogg-theora: a1e56fd34408186e4bbccfd4996cb3dc -> 
  custom:container-muxer-webm: aa71ff27fc2769a1b78a27578f13a17b -> 
  custom:container-demuxer-webm: 4f35f7cbe854078d1ac9338744f61a02 -> 
  custom:container-demuxer-ogg: 62fdf1f143b41e24485cea50d1cbac27 -> 
  custom:video-encoder-webm-vp8: eb34c28f22e8b96e1ab97ce403110664 -> 
  custom:video-decoder-webm-vp8: 9c59270c3fd7afecdb556c50c9e8de78 -> 
  custom:audio-decoder-ogg-vorbis: bf7c407c2cedff20999df2af8eb42d56 -> 
  custom:audio-encoder-webm-vorbis: bf7c407c2cedff20999df2af8eb42d56 -> 
========================================================================
Received Import Request.
  path: Assets/Mezanix/MezanixFX_Free_1_1/4_Materials/Snow/Frost/Ice.mat
  artifactKey: Guid(7683bac8b51efd84dbf6ec29c04b4627) Importer(815301076,1909f56bfc062723c751e8b465ee728b)
Start importing Assets/Mezanix/MezanixFX_Free_1_1/4_Materials/Snow/Frost/Ice.mat using Guid(7683bac8b51efd84dbf6ec29c04b4627) Importer(815301076,1909f56bfc062723c751e8b465ee728b)  -> (artifact id: '24a2d94936e9dfd1cf0dfb1b63a7b493') in 0.207572 seconds 
  Import took 0.211344 seconds .

========================================================================
Received Import Request.
  Time since last request: 89.006213 seconds.
  path: Assets/Mezanix/MezanixFX_Free_1_1/Demo/MezanixFxLogo.png
  artifactKey: Guid(b74332994c3101f4da91cccf21dfca74) Importer(815301076,1909f56bfc062723c751e8b465ee728b)
Start importing Assets/Mezanix/MezanixFX_Free_1_1/Demo/MezanixFxLogo.png using Guid(b74332994c3101f4da91cccf21dfca74) Importer(815301076,1909f56bfc062723c751e8b465ee728b)  -> (artifact id: 'e4ef0970ecf791008edaa8491fd82137') in 0.089075 seconds 
  Import took 0.108568 seconds .

========================================================================
Received Import Request.
  Time since last request: 0.000489 seconds.
  path: Assets/Mezanix/MezanixFX_Free_1_1/Demo/WallGround.mat
  artifactKey: Guid(26bcfe42b0b454d4daef091773597fad) Importer(815301076,1909f56bfc062723c751e8b465ee728b)
Start importing Assets/Mezanix/MezanixFX_Free_1_1/Demo/WallGround.mat using Guid(26bcfe42b0b454d4daef091773597fad) Importer(815301076,1909f56bfc062723c751e8b465ee728b)  -> (artifact id: 'a0f9246ceef3e95e1e4edef506be7601') in 0.311381 seconds 
  Import took 0.314530 seconds .

========================================================================
Received Import Request.
  Time since last request: 3.665851 seconds.
  path: Assets/Mezanix/MezanixFX_Free_1_1/Demo/GetActivePArticleSystemName.cs
  artifactKey: Guid(d1244b9c475c12d41b270292062b305b) Importer(815301076,1909f56bfc062723c751e8b465ee728b)
Start importing Assets/Mezanix/MezanixFX_Free_1_1/Demo/GetActivePArticleSystemName.cs using Guid(d1244b9c475c12d41b270292062b305b) Importer(815301076,1909f56bfc062723c751e8b465ee728b)  -> (artifact id: 'f45338191470c93cf31382f6b378b5be') in 0.024117 seconds 
  Import took 0.040374 seconds .

========================================================================
Received Import Request.
  Time since last request: 9.593184 seconds.
  path: Assets/Mezanix/MezanixFX_Free_1_1/Demo/CameraNavigator.cs
  artifactKey: Guid(151a4909e81a0c24e96f4049676eea51) Importer(815301076,1909f56bfc062723c751e8b465ee728b)
Start importing Assets/Mezanix/MezanixFX_Free_1_1/Demo/CameraNavigator.cs using Guid(151a4909e81a0c24e96f4049676eea51) Importer(815301076,1909f56bfc062723c751e8b465ee728b)  -> (artifact id: 'bfa61aeddf3c77383eadb3195ffdd844') in 0.016435 seconds 
  Import took 0.044885 seconds .

========================================================================
Received Import Request.
  Time since last request: 2.099846 seconds.
  path: Assets/Mezanix/MezanixFX_Free_1_1/Demo/Demo.unity
  artifactKey: Guid(c6868a9f07430de438d277449e61b4ab) Importer(815301076,1909f56bfc062723c751e8b465ee728b)
Start importing Assets/Mezanix/MezanixFX_Free_1_1/Demo/Demo.unity using Guid(c6868a9f07430de438d277449e61b4ab) Importer(815301076,1909f56bfc062723c751e8b465ee728b)  -> (artifact id: 'c397b1277b2ab831ba723ae3046a442c') in 0.023972 seconds 
  Import took 0.040330 seconds .

========================================================================
Received Prepare
Registering precompiled user dll's ...
Registered in 0.002864 seconds.
Begin MonoManager ReloadAssembly
Native extension for WindowsStandalone target not found
Refreshing native plugins compatible for Editor in 0.39 ms, found 2 plugins.
Preloading 0 native plugins for Editor in 0.00 ms.
Mono: successfully reloaded assembly
- Completed reload, in  1.410 seconds
Domain Reload Profiling:
	ReloadAssembly (1411ms)
		BeginReloadAssembly (155ms)
			ExecutionOrderSort (0ms)
			DisableScriptedObjects (7ms)
			BackupInstance (0ms)
			ReleaseScriptingObjects (0ms)
			CreateAndSetChildDomain (47ms)
		EndReloadAssembly (1166ms)
			LoadAssemblies (134ms)
			RebuildTransferFunctionScriptingTraits (0ms)
			SetupTypeCache (418ms)
			ReleaseScriptCaches (1ms)
			RebuildScriptCaches (64ms)
			SetupLoadedEditorAssemblies (412ms)
				LogAssemblyErrors (0ms)
				InitializePlatformSupportModulesInManaged (6ms)
				SetLoadedEditorAssemblies (1ms)
				RefreshPlugins (0ms)
				BeforeProcessingInitializeOnLoad (123ms)
				ProcessInitializeOnLoadAttributes (261ms)
				ProcessInitializeOnLoadMethodAttributes (12ms)
				AfterProcessingInitializeOnLoad (9ms)
				EditorAssembliesLoaded (0ms)
			ExecutionOrderSort2 (0ms)
			AwakeInstancesAfterBackupRestoration (9ms)
Platform modules already initialized, skipping
Refreshing native plugins compatible for Editor in 1.23 ms, found 2 plugins.
Preloading 0 native plugins for Editor in 0.00 ms.
Unloading 1518 Unused Serialized files (Serialized files now loaded: 0)
System memory in use before: 73.0 MB.
System memory in use after: 73.1 MB.

Unloading 14 unused Assets to reduce memory usage. Loaded Objects now: 2008.
Total: 4.678300 ms (FindLiveObjects: 0.156400 ms CreateObjectMapping: 0.054300 ms MarkObjects: 4.441500 ms  DeleteObjects: 0.024600 ms)

AssetImportParameters requested are different than current active one (requested -> active):
  custom:framework-win-MediaFoundation: 216162199b28c13a410421893ffa2e32 -> 
  custom:video-decoder-ogg-theora: a1e56fd34408186e4bbccfd4996cb3dc -> 
  custom:container-muxer-webm: aa71ff27fc2769a1b78a27578f13a17b -> 
  custom:container-demuxer-webm: 4f35f7cbe854078d1ac9338744f61a02 -> 
  custom:container-demuxer-ogg: 62fdf1f143b41e24485cea50d1cbac27 -> 
  custom:video-encoder-webm-vp8: eb34c28f22e8b96e1ab97ce403110664 -> 
  custom:video-decoder-webm-vp8: 9c59270c3fd7afecdb556c50c9e8de78 -> 
  custom:audio-decoder-ogg-vorbis: bf7c407c2cedff20999df2af8eb42d56 -> 
  custom:audio-encoder-webm-vorbis: bf7c407c2cedff20999df2af8eb42d56 -> 
========================================================================
Received Import Request.
  Time since last request: 53.300833 seconds.
  path: Assets/Scenes/Menu.unity
  artifactKey: Guid(dbf8dc9d0f7d43e43b6ab066d218324b) Importer(815301076,1909f56bfc062723c751e8b465ee728b)
Start importing Assets/Scenes/Menu.unity using Guid(dbf8dc9d0f7d43e43b6ab066d218324b) Importer(815301076,1909f56bfc062723c751e8b465ee728b)  -> (artifact id: '814a73fd77df815400448e5eadf1f93f') in 0.021056 seconds 
  Import took 0.025725 seconds .

========================================================================
Received Import Request.
  Time since last request: 19.697303 seconds.
  path: Assets/Scenes/SpaceShooter_Scene2.unity
  artifactKey: Guid(f6bb2168c7205c449b7debd234bdc5e6) Importer(815301076,1909f56bfc062723c751e8b465ee728b)
Start importing Assets/Scenes/SpaceShooter_Scene2.unity using Guid(f6bb2168c7205c449b7debd234bdc5e6) Importer(815301076,1909f56bfc062723c751e8b465ee728b)  -> (artifact id: '79ee2c32ed687db67da2ed1b9215de59') in 0.025705 seconds 
  Import took 0.037536 seconds .

========================================================================
Received Import Request.
  Time since last request: 16.569762 seconds.
  path: Assets/Scenes/SpaceShooter_Scene1.unity
  artifactKey: Guid(15aaddc888045a24aaeced5ce6419137) Importer(815301076,1909f56bfc062723c751e8b465ee728b)
Start importing Assets/Scenes/SpaceShooter_Scene1.unity using Guid(15aaddc888045a24aaeced5ce6419137) Importer(815301076,1909f56bfc062723c751e8b465ee728b)  -> (artifact id: '4190735a850047cf7c4553ad8cc9158a') in 0.028820 seconds 
  Import took 0.045508 seconds .

========================================================================
Received Prepare
Registering precompiled user dll's ...
Registered in 0.002812 seconds.
Begin MonoManager ReloadAssembly
Native extension for WindowsStandalone target not found
Refreshing native plugins compatible for Editor in 0.42 ms, found 2 plugins.
Preloading 0 native plugins for Editor in 0.00 ms.
Mono: successfully reloaded assembly
- Completed reload, in  1.371 seconds
Domain Reload Profiling:
	ReloadAssembly (1372ms)
		BeginReloadAssembly (159ms)
			ExecutionOrderSort (0ms)
			DisableScriptedObjects (6ms)
			BackupInstance (0ms)
			ReleaseScriptingObjects (0ms)
			CreateAndSetChildDomain (40ms)
		EndReloadAssembly (1122ms)
			LoadAssemblies (137ms)
			RebuildTransferFunctionScriptingTraits (0ms)
			SetupTypeCache (397ms)
			ReleaseScriptCaches (1ms)
			RebuildScriptCaches (50ms)
			SetupLoadedEditorAssemblies (420ms)
				LogAssemblyErrors (0ms)
				InitializePlatformSupportModulesInManaged (6ms)
				SetLoadedEditorAssemblies (1ms)
				RefreshPlugins (1ms)
				BeforeProcessingInitializeOnLoad (124ms)
				ProcessInitializeOnLoadAttributes (266ms)
				ProcessInitializeOnLoadMethodAttributes (13ms)
				AfterProcessingInitializeOnLoad (9ms)
				EditorAssembliesLoaded (0ms)
			ExecutionOrderSort2 (0ms)
			AwakeInstancesAfterBackupRestoration (8ms)
Platform modules already initialized, skipping
Refreshing native plugins compatible for Editor in 0.78 ms, found 2 plugins.
Preloading 0 native plugins for Editor in 0.00 ms.
Unloading 1518 Unused Serialized files (Serialized files now loaded: 0)
System memory in use before: 73.0 MB.
System memory in use after: 73.1 MB.

Unloading 12 unused Assets to reduce memory usage. Loaded Objects now: 2010.
Total: 3.794300 ms (FindLiveObjects: 0.155000 ms CreateObjectMapping: 0.055100 ms MarkObjects: 3.562400 ms  DeleteObjects: 0.020600 ms)

AssetImportParameters requested are different than current active one (requested -> active):
  custom:framework-win-MediaFoundation: 216162199b28c13a410421893ffa2e32 -> 
  custom:video-decoder-ogg-theora: a1e56fd34408186e4bbccfd4996cb3dc -> 
  custom:container-muxer-webm: aa71ff27fc2769a1b78a27578f13a17b -> 
  custom:container-demuxer-webm: 4f35f7cbe854078d1ac9338744f61a02 -> 
  custom:container-demuxer-ogg: 62fdf1f143b41e24485cea50d1cbac27 -> 
  custom:video-encoder-webm-vp8: eb34c28f22e8b96e1ab97ce403110664 -> 
  custom:video-decoder-webm-vp8: 9c59270c3fd7afecdb556c50c9e8de78 -> 
  custom:audio-decoder-ogg-vorbis: bf7c407c2cedff20999df2af8eb42d56 -> 
  custom:audio-encoder-webm-vorbis: bf7c407c2cedff20999df2af8eb42d56 -> 
========================================================================
Received Import Request.
  Time since last request: 15.642688 seconds.
  path: Assets/Scenes/SpaceShooter_Scene1
  artifactKey: Guid(4f4490b6e224dd34fa9d0921f4b8b635) Importer(815301076,1909f56bfc062723c751e8b465ee728b)
Start importing Assets/Scenes/SpaceShooter_Scene1 using Guid(4f4490b6e224dd34fa9d0921f4b8b635) Importer(815301076,1909f56bfc062723c751e8b465ee728b)  -> (artifact id: 'b1ab543c12c228896deb13159d320bae') in 0.044463 seconds 
  Import took 0.060899 seconds .

AssetImportWorkerClient::OnTransportError - code=2 error=End of file
